<?xml version="1.0" encoding="UTF-8"?>
<!-- Generated by org.testng.reporters.JUnitXMLReporter -->
<testsuite hostname="DESKTOP-K1HE33L" ignored="0" name="multiBrowserTest" tests="4" failures="0" timestamp="24 Jun 2020 00:15:30 GMT" time="0.24" errors="0">
  <testcase name="@BeforeMethod setup" time="0.165" classname="com.selenium.runTHROUGHXML.LinksTesting1">
    <failure type="java.lang.NullPointerException">
      <![CDATA[java.lang.NullPointerException
at com.selenium.maven.AprilSeleniumMaven2pm.BaseTestRunThruXML.navigateUrl(BaseTestRunThruXML.java:106)
at com.selenium.runTHROUGHXML.LinksTesting1.setup(LinksTesting1.java:29)
... Removed 28 stack frames]]>
    </failure>
  </testcase> <!-- @BeforeMethod setup -->
  <testcase name="@AfterMethod tearDown" time="0.0" classname="com.selenium.runTHROUGHXML.LinksTesting1">
    <skipped/>
  </testcase> <!-- @AfterMethod tearDown -->
  <testcase name="@BeforeMethod beforeMethod" time="0.003" classname="com.selenium.runTHROUGHXML.RadioButton1">
    <failure type="java.lang.NullPointerException">
      <![CDATA[java.lang.NullPointerException
at com.selenium.maven.AprilSeleniumMaven2pm.BaseTestRunThruXML.navigateUrl(BaseTestRunThruXML.java:106)
at com.selenium.runTHROUGHXML.RadioButton1.beforeMethod(RadioButton1.java:30)
... Removed 28 stack frames]]>
    </failure>
  </testcase> <!-- @BeforeMethod beforeMethod -->
  <testcase name="@AfterMethod afterMethod" time="0.0" classname="com.selenium.runTHROUGHXML.RadioButton1">
    <skipped/>
  </testcase> <!-- @AfterMethod afterMethod -->
  <testcase name="@BeforeMethod beforeMethod" time="0.003" classname="com.selenium.runTHROUGHXML.CheckBox1">
    <failure type="java.lang.NullPointerException">
      <![CDATA[java.lang.NullPointerException
at com.selenium.maven.AprilSeleniumMaven2pm.BaseTestRunThruXML.navigateUrl(BaseTestRunThruXML.java:106)
at com.selenium.runTHROUGHXML.CheckBox1.beforeMethod(CheckBox1.java:30)
... Removed 28 stack frames]]>
    </failure>
  </testcase> <!-- @BeforeMethod beforeMethod -->
  <testcase name="@AfterMethod afterMethod" time="0.0" classname="com.selenium.runTHROUGHXML.CheckBox1">
    <skipped/>
  </testcase> <!-- @AfterMethod afterMethod -->
  <testcase name="@BeforeMethod startProcess" time="0.002" classname="com.selenium.runTHROUGHXML.TC_002">
    <failure type="java.lang.NullPointerException">
      <![CDATA[java.lang.NullPointerException
at com.selenium.maven.AprilSeleniumMaven2pm.BaseTestRunThruXML.navigateUrl(BaseTestRunThruXML.java:106)
at com.selenium.runTHROUGHXML.TC_002.startProcess(TC_002.java:22)
... Removed 28 stack frames]]>
    </failure>
  </testcase> <!-- @BeforeMethod startProcess -->
  <testcase name="@AfterMethod endProcess" time="0.0" classname="com.selenium.runTHROUGHXML.TC_002">
    <skipped/>
  </testcase> <!-- @AfterMethod endProcess -->
  <testcase name="linktesting1" time="0.0" classname="com.selenium.runTHROUGHXML.LinksTesting1">
    <skipped/>
  </testcase> <!-- linktesting1 -->
  <testcase name="radioButton" time="0.0" classname="com.selenium.runTHROUGHXML.RadioButton1">
    <skipped/>
  </testcase> <!-- radioButton -->
  <testcase name="checkboxTest" time="0.0" classname="com.selenium.runTHROUGHXML.CheckBox1">
    <skipped/>
  </testcase> <!-- checkboxTest -->
  <testcase name="amazon" time="0.0" classname="com.selenium.runTHROUGHXML.TC_002">
    <skipped/>
  </testcase> <!-- amazon -->
</testsuite> <!-- multiBrowserTest -->
