<?xml version="1.0" encoding="UTF-8"?>
<!-- Generated by org.testng.reporters.JUnitReportReporter -->
<testsuite skipped="2" hostname="DESKTOP-K1HE33L" name="com.selenium.maven.AprilSeleniumMaven2pm.TC_002_2_extentReport" tests="3" failures="0" timestamp="30 Jun 2020 16:58:31 GMT" time="29.933" errors="1">
  <testcase name="amazon" time="11.106" classname="com.selenium.maven.AprilSeleniumMaven2pm.TC_002_2_extentReport">
    <skipped/>
  </testcase> <!-- amazon -->
  <testcase name="amazon" time="9.468" classname="com.selenium.maven.AprilSeleniumMaven2pm.TC_002_2_extentReport">
    <error type="java.lang.IllegalArgumentException" message="Cannot find elements when the id is null.">
      <![CDATA[java.lang.IllegalArgumentException: Cannot find elements when the id is null.
at org.openqa.selenium.By$ById.<init>(By.java:177)
at org.openqa.selenium.By.id(By.java:58)
at com.selenium.maven.AprilSeleniumMaven2pm.Sel03DriverBaseDynamic.getElement(Sel03DriverBaseDynamic.java:127)
at com.selenium.maven.AprilSeleniumMaven2pm.Sel03DriverBaseDynamic.typeText(Sel03DriverBaseDynamic.java:160)
at com.selenium.maven.AprilSeleniumMaven2pm.TC_002_2_extentReport.amazon(TC_002_2_extentReport.java:26)
at sun.reflect.NativeMethodAccessorImpl.invoke0(Native Method)
at sun.reflect.NativeMethodAccessorImpl.invoke(NativeMethodAccessorImpl.java:62)
at sun.reflect.DelegatingMethodAccessorImpl.invoke(DelegatingMethodAccessorImpl.java:43)
at java.lang.reflect.Method.invoke(Method.java:498)
at org.testng.internal.MethodInvocationHelper.invokeMethod(MethodInvocationHelper.java:124)
at org.testng.internal.Invoker.invokeMethod(Invoker.java:583)
at org.testng.internal.Invoker.retryFailed(Invoker.java:839)
at org.testng.internal.Invoker.invokeTestMethods(Invoker.java:1010)
at org.testng.internal.TestMethodWorker.invokeTestMethods(TestMethodWorker.java:125)
at org.testng.internal.TestMethodWorker.run(TestMethodWorker.java:109)
at org.testng.TestRunner.privateRun(TestRunner.java:648)
at org.testng.TestRunner.run(TestRunner.java:505)
at org.testng.SuiteRunner.runTest(SuiteRunner.java:455)
at org.testng.SuiteRunner.runSequentially(SuiteRunner.java:450)
at org.testng.SuiteRunner.privateRun(SuiteRunner.java:415)
at org.testng.SuiteRunner.run(SuiteRunner.java:364)
at org.testng.SuiteRunnerWorker.runSuite(SuiteRunnerWorker.java:52)
at org.testng.SuiteRunnerWorker.run(SuiteRunnerWorker.java:84)
at org.testng.TestNG.runSuitesSequentially(TestNG.java:1208)
at org.testng.TestNG.runSuitesLocally(TestNG.java:1137)
at org.testng.TestNG.runSuites(TestNG.java:1049)
at org.testng.TestNG.run(TestNG.java:1017)
at org.testng.remote.AbstractRemoteTestNG.run(AbstractRemoteTestNG.java:115)
at org.testng.remote.RemoteTestNG.initAndRun(RemoteTestNG.java:251)
at org.testng.remote.RemoteTestNG.main(RemoteTestNG.java:77)
]]>
    </error>
  </testcase> <!-- amazon -->
  <testcase name="amazon" time="9.359" classname="com.selenium.maven.AprilSeleniumMaven2pm.TC_002_2_extentReport">
    <skipped/>
  </testcase> <!-- amazon -->
</testsuite> <!-- com.selenium.maven.AprilSeleniumMaven2pm.TC_002_2_extentReport -->
